<?xml version="1.0" encoding="UTF-8"?>
<!-- Generated by org.testng.reporters.JUnitXMLReporter -->
<testsuite hostname="LAPTOP-79H0M76G" name="Default test" tests="4" failures="0" timestamp="20 Jan 2021 07:50:08 GMT" time="7.51" errors="0">
  <testcase name="getrequest" time="5.588" classname="com.qa.Students.UserInfo"/>
  <testcase name="parseJson" time="1.455" classname="com.qa.Students.UserInfo"/>
  <testcase name="validateResponseStatus" time="0.141" classname="com.qa.Students.UserInfo"/>
  <testcase name="validateUserId" time="0.239" classname="com.qa.Students.UserInfo"/>
</testsuite> <!-- Default test -->
